<?xml version="1.0" encoding="UTF-8"?>
<!-- Generated by org.testng.reporters.JUnitXMLReporter -->
<testsuite hostname="JSP-TRA-30-PC" name="TestFF" tests="3" failures="0" timestamp="4 Dec 2016 05:18:46 GMT" time="42.803" errors="0">
  <testcase name="testValidLoginLogout" time="7.567" classname="script.ValidLoginLogout"/>
  <testcase name="testInvalidLogin" time="6.051" classname="script.InvalidLogin"/>
  <testcase name="testVerifyProductVersion" time="2.858" classname="script.VerifyProductVersion"/>
</testsuite> <!-- TestFF -->
