<?xml version="1.0" encoding="UTF-8"?>
<!-- Generated by org.testng.reporters.JUnitXMLReporter -->
<testsuite hostname="JSP-TRA-30-PC" name="TestFF" tests="3" failures="0" timestamp="16 Dec 2016 12:58:10 GMT" time="111.597" errors="0">
  <testcase name="testValidLoginLogout" time="25.406" classname="script.ValidLoginLogout"/>
  <testcase name="testInvalidLogin" time="7.541" classname="script.InvalidLogin"/>
  <testcase name="testVerifyProductVersion" time="4.781" classname="script.VerifyProductVersion"/>
</testsuite> <!-- TestFF -->
