<?xml version="1.0" encoding="UTF-8"?>
<testng-results skipped="0" failed="0" total="1" passed="1">
  <reporter-output>
  </reporter-output>
  <suite name="Default suite" duration-ms="9699" started-at="2016-12-03T06:34:41Z" finished-at="2016-12-03T06:34:51Z">
    <groups>
    </groups>
    <test name="Default test" duration-ms="9699" started-at="2016-12-03T06:34:41Z" finished-at="2016-12-03T06:34:51Z">
      <class name="script.VerifyProductVersion">
        <test-method status="PASS" signature="preCondition()[pri:0, instance:script.VerifyProductVersion@1ec6c08]" name="preCondition" is-config="true" duration-ms="6194" started-at="2016-12-03T12:04:41Z" finished-at="2016-12-03T12:04:48Z">
          <reporter-output>
          </reporter-output>
        </test-method> <!-- preCondition -->
        <test-method status="PASS" signature="testVerifyProductVersion()[pri:0, instance:script.VerifyProductVersion@1ec6c08]" name="testVerifyProductVersion" duration-ms="3456" started-at="2016-12-03T12:04:48Z" finished-at="2016-12-03T12:04:51Z">
          <reporter-output>
          </reporter-output>
        </test-method> <!-- testVerifyProductVersion -->
        <test-method status="PASS" signature="postCondition()[pri:0, instance:script.VerifyProductVersion@1ec6c08]" name="postCondition" is-config="true" duration-ms="15" started-at="2016-12-03T12:04:51Z" finished-at="2016-12-03T12:04:51Z">
          <reporter-output>
          </reporter-output>
        </test-method> <!-- postCondition -->
      </class> <!-- script.VerifyProductVersion -->
    </test> <!-- Default test -->
  </suite> <!-- Default suite -->
</testng-results>
